<?xml version="1.0" encoding="UTF-8"?>
<!-- Generated by org.testng.reporters.JUnitReportReporter -->
<testsuite skipped="0" hostname="IBM727-PC050US7" name="advanced.B15MyToolTipTest" tests="1" failures="0" timestamp="14 Jul 2018 13:41:13 GMT" time="9.432" errors="0">
  <testcase name="testToolTip" time="9.432" classname="advanced.B15MyToolTipTest"/>
</testsuite> <!-- advanced.B15MyToolTipTest -->
