<?xml version="1.0" encoding="UTF-8"?>
<!-- Generated by org.testng.reporters.JUnitReportReporter -->
<testsuite skipped="0" hostname="IBM727-PC050US7" name="advanced.MyCookieTest" tests="1" failures="0" timestamp="14 Jul 2018 13:59:01 GMT" time="9.467" errors="0">
  <testcase name="cookieTest" time="9.467" classname="advanced.MyCookieTest"/>
</testsuite> <!-- advanced.MyCookieTest -->
