<?xml version="1.0" encoding="UTF-8"?>
<!-- Generated by org.testng.reporters.JUnitReportReporter -->
<testsuite skipped="0" hostname="IBM727-PC050US7" name="advanced.MyiFrame" tests="1" failures="0" timestamp="15 Jul 2018 17:27:26 GMT" time="54.059" errors="0">
  <testcase name="test" time="54.059" classname="advanced.MyiFrame"/>
</testsuite> <!-- advanced.MyiFrame -->
