<?xml version="1.0" encoding="UTF-8"?>
<!-- Generated by org.testng.reporters.JUnitReportReporter -->
<testsuite skipped="0" hostname="IBM727-PC050US7" name="basic.MyMouseHover" tests="1" failures="0" timestamp="21 Jul 2018 02:45:42 GMT" time="19.480" errors="0">
  <testcase name="testMouseHover" time="19.480" classname="basic.MyMouseHover"/>
</testsuite> <!-- basic.MyMouseHover -->
