<?xml version="1.0" encoding="UTF-8"?>
<!-- Generated by org.testng.reporters.JUnitReportReporter -->
<testsuite skipped="0" hostname="IBM727-PC050US7" name="advanced.MyScreenShot" tests="1" failures="0" timestamp="20 Jul 2018 04:22:52 GMT" time="9.168" errors="0">
  <testcase name="test" time="9.168" classname="advanced.MyScreenShot"/>
</testsuite> <!-- advanced.MyScreenShot -->
