<?xml version="1.0" encoding="UTF-8"?>
<!-- Generated by org.testng.reporters.JUnitReportReporter -->
<testsuite skipped="0" hostname="IBM727-PC050US7" name="basic.BackAndForwardSimulationButton" tests="1" failures="0" timestamp="20 Jul 2018 04:11:00 GMT" time="14.076" errors="0">
  <testcase name="testBackAndForwardButton" time="14.076" classname="basic.BackAndForwardSimulationButton"/>
</testsuite> <!-- basic.BackAndForwardSimulationButton -->
