<?xml version="1.0" encoding="UTF-8"?>
<!-- Generated by org.testng.reporters.JUnitReportReporter -->
<testsuite skipped="0" hostname="IBM727-PC050US7" name="datadriven.MyDataDrivenScript1" tests="3" failures="0" timestamp="13 Jul 2018 01:51:14 GMT" time="58.253" errors="0">
  <testcase name="loginToFacebook" time="18.975" classname="datadriven.MyDataDrivenScript1"/>
  <testcase name="loginToFacebook" time="17.921" classname="datadriven.MyDataDrivenScript1"/>
  <testcase name="loginToFacebook" time="21.357" classname="datadriven.MyDataDrivenScript1"/>
</testsuite> <!-- datadriven.MyDataDrivenScript1 -->
