<?xml version="1.0" encoding="UTF-8"?>
<!-- Generated by org.testng.reporters.JUnitReportReporter -->
<testsuite skipped="0" hostname="IBM727-PC050US7" name="keyworddriven.KeywordDrivenScript1" tests="1" failures="0" timestamp="10 Jul 2018 04:05:11 GMT" time="20.012" errors="0">
  <testcase name="loginFacebook" time="20.012" classname="keyworddriven.KeywordDrivenScript1"/>
</testsuite> <!-- keyworddriven.KeywordDrivenScript1 -->
