<?xml version="1.0" encoding="UTF-8"?>
<!-- Generated by org.testng.reporters.JUnitReportReporter -->
<testsuite skipped="0" hostname="IBM727-PC050US7" name="basic.MyResizeBrowser" tests="1" failures="0" timestamp="14 Jul 2018 18:09:54 GMT" time="10.893" errors="0">
  <testcase name="testBrowserResize" time="10.893" classname="basic.MyResizeBrowser"/>
</testsuite> <!-- basic.MyResizeBrowser -->
