<?xml version="1.0" encoding="UTF-8"?>
<!-- Generated by org.testng.reporters.JUnitReportReporter -->
<testsuite skipped="0" hostname="IBM727-PC050US7" name="basic.MyPageTitleVerification" tests="1" failures="0" timestamp="15 Jul 2018 09:44:06 GMT" time="14.004" errors="0">
  <testcase name="testWindowTitle" time="14.004" classname="basic.MyPageTitleVerification"/>
</testsuite> <!-- basic.MyPageTitleVerification -->
