<?xml version="1.0" encoding="UTF-8"?>
<!-- Generated by org.testng.reporters.JUnitReportReporter -->
<testsuite skipped="0" hostname="IBM727-PC050US7" name="advanced.MyFileDownloadChrome" tests="1" failures="0" timestamp="06 Jul 2018 17:54:19 GMT" time="35.634" errors="0">
  <testcase name="myDownload" time="35.634" classname="advanced.MyFileDownloadChrome"/>
</testsuite> <!-- advanced.MyFileDownloadChrome -->
