<?xml version="1.0" encoding="UTF-8"?>
<!-- Generated by org.testng.reporters.JUnitReportReporter -->
<testsuite skipped="0" hostname="IBM727-PC050US7" name="advanced.MultipleWindow" tests="1" failures="0" timestamp="18 Jul 2018 10:27:21 GMT" time="30.784" errors="0">
  <testcase name="testMultipleWindow" time="30.784" classname="advanced.MultipleWindow"/>
</testsuite> <!-- advanced.MultipleWindow -->
