<?xml version="1.0" encoding="UTF-8"?>
<!-- Generated by org.testng.reporters.JUnitReportReporter -->
<testsuite skipped="0" hostname="IBM727-PC050US7" name="datadriven.MyDataDrivenScript" tests="3" failures="0" timestamp="13 Jul 2018 01:53:38 GMT" time="59.941" errors="0">
  <testcase name="loginToFacebook" time="18.799" classname="datadriven.MyDataDrivenScript"/>
  <testcase name="loginToFacebook" time="20.969" classname="datadriven.MyDataDrivenScript"/>
  <testcase name="loginToFacebook" time="20.173" classname="datadriven.MyDataDrivenScript"/>
</testsuite> <!-- datadriven.MyDataDrivenScript -->
