<?xml version="1.0" encoding="UTF-8"?>
<!-- Generated by org.testng.reporters.JUnitReportReporter -->
<testsuite skipped="0" hostname="IBM727-PC050US7" name="advanced.B15MyDropDown" tests="1" failures="0" timestamp="14 Jul 2018 13:37:51 GMT" time="18.811" errors="0">
  <testcase name="testDropDownBox" time="18.811" classname="advanced.B15MyDropDown"/>
</testsuite> <!-- advanced.B15MyDropDown -->
