<?xml version="1.0" encoding="UTF-8"?>
<!-- Generated by org.testng.reporters.JUnitReportReporter -->
<testsuite skipped="0" hostname="IBM727-PC050US7" name="basic.TestSelectAllContents" tests="1" failures="0" timestamp="14 Jul 2018 17:47:57 GMT" time="10.081" errors="0">
  <testcase name="testMouseHover" time="10.081" classname="basic.TestSelectAllContents"/>
</testsuite> <!-- basic.TestSelectAllContents -->
