<?xml version="1.0" encoding="UTF-8"?>
<!-- Generated by org.testng.reporters.JUnitReportReporter -->
<testsuite skipped="0" hostname="IBM727-PC050US7" name="basic.XpathPipeOperator" tests="1" failures="0" timestamp="14 Jul 2018 15:53:29 GMT" time="13.900" errors="0">
  <testcase name="testXpathPipeOperator" time="13.900" classname="basic.XpathPipeOperator"/>
</testsuite> <!-- basic.XpathPipeOperator -->
